<?xml version="1.0" encoding="UTF-8"?>
<testsuites>
  <testsuite name="Hyde\Testing\PHP82CompatibilityTest" file="PHP82Compatibility (Hyde\Testing\PHP82Compatibility)" tests="7" assertions="0" errors="0" failures="0" skipped="7" time="0.000000">
    <testcase name="Php 82 json handling" file="PHP82Compatibility (Hyde\Testing\PHP82Compatibility)::Php 82 json handling" class="Hyde\Testing\PHP82CompatibilityTest" classname="Hyde.Testing.PHP82CompatibilityTest" assertions="0" time="0.000000">
      <skipped/>
    </testcase>
    <testcase name="Php 82 string function compatibility" file="PHP82Compatibility (Hyde\Testing\PHP82Compatibility)::Php 82 string function compatibility" class="Hyde\Testing\PHP82CompatibilityTest" classname="Hyde.Testing.PHP82CompatibilityTest" assertions="0" time="0.000000">
      <skipped/>
    </testcase>
    <testcase name="Php 82 file system operations" file="PHP82Compatibility (Hyde\Testing\PHP82Compatibility)::Php 82 file system operations" class="Hyde\Testing\PHP82CompatibilityTest" classname="Hyde.Testing.PHP82CompatibilityTest" assertions="0" time="0.000000">
      <skipped/>
    </testcase>
    <testcase name="Php 82 disjunctive normal form types" file="PHP82Compatibility (Hyde\Testing\PHP82Compatibility)::Php 82 disjunctive normal form types" class="Hyde\Testing\PHP82CompatibilityTest" classname="Hyde.Testing.PHP82CompatibilityTest" assertions="0" time="0.000000">
      <skipped/>
    </testcase>
    <testcase name="Php 82 deprecation handling" file="PHP82Compatibility (Hyde\Testing\PHP82Compatibility)::Php 82 deprecation handling" class="Hyde\Testing\PHP82CompatibilityTest" classname="Hyde.Testing.PHP82CompatibilityTest" assertions="0" time="0.000000">
      <skipped/>
    </testcase>
    <testcase name="Php 82 array function compatibility" file="PHP82Compatibility (Hyde\Testing\PHP82Compatibility)::Php 82 array function compatibility" class="Hyde\Testing\PHP82CompatibilityTest" classname="Hyde.Testing.PHP82CompatibilityTest" assertions="0" time="0.000000">
      <skipped/>
    </testcase>
    <testcase name="Php 82 readonly classes compatibility" file="PHP82Compatibility (Hyde\Testing\PHP82Compatibility)::Php 82 readonly classes compatibility" class="Hyde\Testing\PHP82CompatibilityTest" classname="Hyde.Testing.PHP82CompatibilityTest" assertions="0" time="0.000000">
      <skipped/>
    </testcase>
  </testsuite>
</testsuites>
